

[INFO ] 2017-08-19 16:40:37,939 method:org.springframework.context.support.AbstractApplicationContext.prepareRefresh(AbstractApplicationContext.java:578)
Refreshing org.springframework.context.support.ClassPathXmlApplicationContext@3c9d026d: startup date [Sat Aug 19 16:40:37 CST 2017]; root of context hierarchy


[INFO ] 2017-08-19 16:40:38,034 method:org.springframework.beans.factory.xml.XmlBeanDefinitionReader.loadBeanDefinitions(XmlBeanDefinitionReader.java:317)
Loading XML bean definitions from class path resource [spring/applicationContext-activemq.xml]


[INFO ] 2017-08-19 16:40:38,590 method:org.springframework.context.support.DefaultLifecycleProcessor$LifecycleGroup.start(DefaultLifecycleProcessor.java:341)
Starting beans in phase 2147483647


[INFO ] 2017-08-19 16:40:38,833 method:org.springframework.jms.connection.SingleConnectionFactory.initConnection(SingleConnectionFactory.java:311)
Established shared JMS Connection: ActiveMQConnection {id=ID:Mbenben-55282-1503132038703-1:1,clientId=null,started=false}


[INFO ] 2017-08-19 16:43:53,675 method:org.apache.zookeeper.Environment.logEnv(Environment.java:100)
Client environment:zookeeper.version=3.4.7-1713338, built on 11/09/2015 04:32 GMT


[INFO ] 2017-08-19 16:43:53,675 method:org.apache.zookeeper.Environment.logEnv(Environment.java:100)
Client environment:host.name=Mbenben


[INFO ] 2017-08-19 16:43:53,676 method:org.apache.zookeeper.Environment.logEnv(Environment.java:100)
Client environment:java.version=1.7.0_45


[INFO ] 2017-08-19 16:43:53,676 method:org.apache.zookeeper.Environment.logEnv(Environment.java:100)
Client environment:java.vendor=Oracle Corporation


[INFO ] 2017-08-19 16:43:53,676 method:org.apache.zookeeper.Environment.logEnv(Environment.java:100)
Client environment:java.home=C:\Tools\MyEclipse Professional 2014\binary\com.sun.java.jdk7.win32.x86_64_1.7.0.u45\jre


[INFO ] 2017-08-19 16:43:53,677 method:org.apache.zookeeper.Environment.logEnv(Environment.java:100)
Client environment:java.class.path=D:\WorkSpace\MyEclipse2014\jd-search\jd-search-service\target\test-classes;D:\WorkSpace\MyEclipse2014\jd-search\jd-search-service\target\classes;C:\Tools\apache-maven-3.2.2\repository\com\jd\jd-manager-dao\0.0.1-SNAPSHOT\jd-manager-dao-0.0.1-SNAPSHOT.jar;C:\Tools\apache-maven-3.2.2\repository\com\jd\jd-manager-pojo\0.0.1-SNAPSHOT\jd-manager-pojo-0.0.1-SNAPSHOT.jar;C:\Tools\apache-maven-3.2.2\repository\org\mybatis\mybatis\3.2.8\mybatis-3.2.8.jar;C:\Tools\apache-maven-3.2.2\repository\org\mybatis\mybatis-spring\1.2.2\mybatis-spring-1.2.2.jar;C:\Tools\apache-maven-3.2.2\repository\com\github\miemiedev\mybatis-paginator\1.2.15\mybatis-paginator-1.2.15.jar;C:\Tools\apache-maven-3.2.2\repository\com\github\pagehelper\pagehelper\5.0.0\pagehelper-5.0.0.jar;C:\Tools\apache-maven-3.2.2\repository\com\github\jsqlparser\jsqlparser\0.9.5\jsqlparser-0.9.5.jar;C:\Tools\apache-maven-3.2.2\repository\mysql\mysql-connector-java\5.1.32\mysql-connector-java-5.1.32.jar;C:\Tools\apache-maven-3.2.2\repository\com\alibaba\druid\1.0.9\druid-1.0.9.jar;C:\Tools\MyEclipse Professional 2014\binary\com.sun.java.jdk7.win32.x86_64_1.7.0.u45\jre\..\lib\jconsole.jar;C:\Tools\MyEclipse Professional 2014\binary\com.sun.java.jdk7.win32.x86_64_1.7.0.u45\jre\..\lib\tools.jar;C:\Tools\apache-maven-3.2.2\repository\com\jd\jd-search-interface\0.0.1-SNAPSHOT\jd-search-interface-0.0.1-SNAPSHOT.jar;C:\Tools\apache-maven-3.2.2\repository\junit\junit\4.12\junit-4.12.jar;C:\Tools\apache-maven-3.2.2\repository\org\hamcrest\hamcrest-core\1.3\hamcrest-core-1.3.jar;C:\Tools\apache-maven-3.2.2\repository\com\alibaba\dubbo\2.5.3\dubbo-2.5.3.jar;C:\Tools\apache-maven-3.2.2\repository\org\javassist\javassist\3.15.0-GA\javassist-3.15.0-GA.jar;C:\Tools\apache-maven-3.2.2\repository\org\apache\zookeeper\zookeeper\3.4.7\zookeeper-3.4.7.jar;C:\Tools\apache-maven-3.2.2\repository\org\slf4j\slf4j-api\1.6.1\slf4j-api-1.6.1.jar;C:\Tools\apache-maven-3.2.2\repository\org\slf4j\slf4j-log4j12\1.6.4\slf4j-log4j12-1.6.4.jar;C:\Tools\apache-maven-3.2.2\repository\log4j\log4j\1.2.16\log4j-1.2.16.jar;C:\Tools\apache-maven-3.2.2\repository\jline\jline\0.9.94\jline-0.9.94.jar;C:\Tools\apache-maven-3.2.2\repository\io\netty\netty\3.7.0.Final\netty-3.7.0.Final.jar;C:\Tools\apache-maven-3.2.2\repository\com\github\sgroschupf\zkclient\0.1\zkclient-0.1.jar;C:\Tools\apache-maven-3.2.2\repository\org\apache\solr\solr-solrj\4.10.3\solr-solrj-4.10.3.jar;C:\Tools\apache-maven-3.2.2\repository\commons-io\commons-io\2.3\commons-io-2.3.jar;C:\Tools\apache-maven-3.2.2\repository\org\apache\httpcomponents\httpclient\4.3.5\httpclient-4.3.5.jar;C:\Tools\apache-maven-3.2.2\repository\org\apache\httpcomponents\httpcore\4.3\httpcore-4.3.jar;C:\Tools\apache-maven-3.2.2\repository\org\apache\httpcomponents\httpmime\4.3.1\httpmime-4.3.1.jar;C:\Tools\apache-maven-3.2.2\repository\org\codehaus\woodstox\wstx-asl\3.2.7\wstx-asl-3.2.7.jar;C:\Tools\apache-maven-3.2.2\repository\org\noggit\noggit\0.5\noggit-0.5.jar;C:\Tools\apache-maven-3.2.2\repository\org\apache\activemq\activemq-all\5.11.2\activemq-all-5.11.2.jar;C:\Tools\apache-maven-3.2.2\repository\com\jd\jd-common\0.0.1-SNAPSHOT\jd-common-0.0.1-SNAPSHOT.jar;C:\Tools\apache-maven-3.2.2\repository\joda-time\joda-time\2.5\joda-time-2.5.jar;C:\Tools\apache-maven-3.2.2\repository\org\apache\commons\commons-lang3\3.3.2\commons-lang3-3.3.2.jar;C:\Tools\apache-maven-3.2.2\repository\commons-net\commons-net\3.3\commons-net-3.3.jar;C:\Tools\apache-maven-3.2.2\repository\com\fasterxml\jackson\core\jackson-databind\2.4.2\jackson-databind-2.4.2.jar;C:\Tools\apache-maven-3.2.2\repository\com\fasterxml\jackson\core\jackson-annotations\2.4.0\jackson-annotations-2.4.0.jar;C:\Tools\apache-maven-3.2.2\repository\com\fasterxml\jackson\core\jackson-core\2.4.2\jackson-core-2.4.2.jar;C:\Tools\apache-maven-3.2.2\repository\org\quartz-scheduler\quartz\2.2.2\quartz-2.2.2.jar;C:\Tools\apache-maven-3.2.2\repository\c3p0\c3p0\0.9.1.1\c3p0-0.9.1.1.jar;C:\Tools\apache-maven-3.2.2\repository\fastdfs_client\fastdfs_client\1.25\fastdfs_client-1.25.jar;C:\Tools\apache-maven-3.2.2\repository\org\springframework\spring-context\4.2.4.RELEASE\spring-context-4.2.4.RELEASE.jar;C:\Tools\apache-maven-3.2.2\repository\org\springframework\spring-aop\4.2.4.RELEASE\spring-aop-4.2.4.RELEASE.jar;C:\Tools\apache-maven-3.2.2\repository\aopalliance\aopalliance\1.0\aopalliance-1.0.jar;C:\Tools\apache-maven-3.2.2\repository\org\springframework\spring-core\4.2.4.RELEASE\spring-core-4.2.4.RELEASE.jar;C:\Tools\apache-maven-3.2.2\repository\commons-logging\commons-logging\1.2\commons-logging-1.2.jar;C:\Tools\apache-maven-3.2.2\repository\org\springframework\spring-expression\4.2.4.RELEASE\spring-expression-4.2.4.RELEASE.jar;C:\Tools\apache-maven-3.2.2\repository\org\springframework\spring-beans\4.2.4.RELEASE\spring-beans-4.2.4.RELEASE.jar;C:\Tools\apache-maven-3.2.2\repository\org\springframework\spring-webmvc\4.2.4.RELEASE\spring-webmvc-4.2.4.RELEASE.jar;C:\Tools\apache-maven-3.2.2\repository\org\springframework\spring-web\4.2.4.RELEASE\spring-web-4.2.4.RELEASE.jar;C:\Tools\apache-maven-3.2.2\repository\org\springframework\spring-jdbc\4.2.4.RELEASE\spring-jdbc-4.2.4.RELEASE.jar;C:\Tools\apache-maven-3.2.2\repository\org\springframework\spring-tx\4.2.4.RELEASE\spring-tx-4.2.4.RELEASE.jar;C:\Tools\apache-maven-3.2.2\repository\org\springframework\spring-aspects\4.2.4.RELEASE\spring-aspects-4.2.4.RELEASE.jar;C:\Tools\apache-maven-3.2.2\repository\org\aspectj\aspectjweaver\1.8.7\aspectjweaver-1.8.7.jar;C:\Tools\apache-maven-3.2.2\repository\org\springframework\spring-jms\4.2.4.RELEASE\spring-jms-4.2.4.RELEASE.jar;C:\Tools\apache-maven-3.2.2\repository\org\springframework\spring-messaging\4.2.4.RELEASE\spring-messaging-4.2.4.RELEASE.jar;C:\Tools\apache-maven-3.2.2\repository\org\springframework\spring-context-support\4.2.4.RELEASE\spring-context-support-4.2.4.RELEASE.jar;C:\Tools\apache-maven-3.2.2\repository\redis\clients\jedis\2.7.2\jedis-2.7.2.jar;C:\Tools\apache-maven-3.2.2\repository\org\apache\commons\commons-pool2\2.3\commons-pool2-2.3.jar;


[INFO ] 2017-08-19 16:43:53,678 method:org.apache.zookeeper.Environment.logEnv(Environment.java:100)
Client environment:java.library.path=C:\Tools\MyEclipse Professional 2014\binary\com.sun.java.jdk7.win32.x86_64_1.7.0.u45\jre\bin;C:\Windows\Sun\Java\bin;C:\Windows\system32;C:\Windows;C:\Tools\apache-maven-3.2.2\bin;C:\Tools\Oracle\product\11.2.0\dbhome_1\bin;C:\Tools\Java\jdk1.7.0_80\bin;C:\Program Files (x86)\NVIDIA Corporation\PhysX\Common;C:\Program Files (x86)\Intel\iCLS Client\;C:\Program Files\Intel\iCLS Client\;C:\Windows\system32;C:\Windows;C:\Windows\System32\Wbem;C:\Windows\System32\WindowsPowerShell\v1.0\;C:\Program Files\Intel\Intel(R) Management Engine Components\DAL;C:\Program Files\Intel\Intel(R) Management Engine Components\IPT;C:\Program Files (x86)\Intel\Intel(R) Management Engine Components\DAL;C:\Program Files (x86)\Intel\Intel(R) Management Engine Components\IPT;.


[INFO ] 2017-08-19 16:43:53,678 method:org.apache.zookeeper.Environment.logEnv(Environment.java:100)
Client environment:java.io.tmpdir=C:\Users\ADMINI~1\AppData\Local\Temp\


[INFO ] 2017-08-19 16:43:53,679 method:org.apache.zookeeper.Environment.logEnv(Environment.java:100)
Client environment:java.compiler=<NA>


[INFO ] 2017-08-19 16:43:53,679 method:org.apache.zookeeper.Environment.logEnv(Environment.java:100)
Client environment:os.name=Windows 7


[INFO ] 2017-08-19 16:43:53,679 method:org.apache.zookeeper.Environment.logEnv(Environment.java:100)
Client environment:os.arch=amd64


[INFO ] 2017-08-19 16:43:53,680 method:org.apache.zookeeper.Environment.logEnv(Environment.java:100)
Client environment:os.version=6.1


[INFO ] 2017-08-19 16:43:53,682 method:org.apache.zookeeper.Environment.logEnv(Environment.java:100)
Client environment:user.name=Administrator


[INFO ] 2017-08-19 16:43:53,682 method:org.apache.zookeeper.Environment.logEnv(Environment.java:100)
Client environment:user.home=C:\Users\Administrator


[INFO ] 2017-08-19 16:43:53,682 method:org.apache.zookeeper.Environment.logEnv(Environment.java:100)
Client environment:user.dir=D:\WorkSpace\MyEclipse2014\jd-search\jd-search-service


[INFO ] 2017-08-19 16:43:53,684 method:org.apache.zookeeper.ZooKeeper.<init>(ZooKeeper.java:438)
Initiating client connection, connectString=192.168.124.4:2191,192.168.124.4:2192,192.168.124.4:2193 sessionTimeout=10000 watcher=org.apache.solr.common.cloud.ConnectionManager@7ea63bdd


[INFO ] 2017-08-19 16:43:53,723 method:org.apache.solr.common.cloud.ConnectionManager.waitForConnected(ConnectionManager.java:207)
Waiting for client to connect to ZooKeeper


[INFO ] 2017-08-19 16:43:53,728 method:org.apache.zookeeper.ClientCnxn$SendThread.logStartConnect(ClientCnxn.java:1032)
Opening socket connection to server 192.168.124.4/192.168.124.4:2193. Will not attempt to authenticate using SASL (unknown error)


[WARN ] 2017-08-19 16:43:54,737 method:org.apache.zookeeper.ClientCnxn$SendThread.run(ClientCnxn.java:1162)
Session 0x0 for server null, unexpected error, closing socket connection and attempting reconnect
java.net.ConnectException: Connection refused: no further information
	at sun.nio.ch.SocketChannelImpl.checkConnect(Native Method)
	at sun.nio.ch.SocketChannelImpl.finishConnect(SocketChannelImpl.java:735)
	at org.apache.zookeeper.ClientCnxnSocketNIO.doTransport(ClientCnxnSocketNIO.java:361)
	at org.apache.zookeeper.ClientCnxn$SendThread.run(ClientCnxn.java:1141)


[INFO ] 2017-08-19 16:43:54,845 method:org.apache.zookeeper.ClientCnxn$SendThread.logStartConnect(ClientCnxn.java:1032)
Opening socket connection to server 192.168.124.4/192.168.124.4:2192. Will not attempt to authenticate using SASL (unknown error)


[WARN ] 2017-08-19 16:43:55,846 method:org.apache.zookeeper.ClientCnxn$SendThread.run(ClientCnxn.java:1162)
Session 0x0 for server null, unexpected error, closing socket connection and attempting reconnect
java.net.ConnectException: Connection refused: no further information
	at sun.nio.ch.SocketChannelImpl.checkConnect(Native Method)
	at sun.nio.ch.SocketChannelImpl.finishConnect(SocketChannelImpl.java:735)
	at org.apache.zookeeper.ClientCnxnSocketNIO.doTransport(ClientCnxnSocketNIO.java:361)
	at org.apache.zookeeper.ClientCnxn$SendThread.run(ClientCnxn.java:1141)


[INFO ] 2017-08-19 16:43:55,948 method:org.apache.zookeeper.ClientCnxn$SendThread.logStartConnect(ClientCnxn.java:1032)
Opening socket connection to server 192.168.124.4/192.168.124.4:2191. Will not attempt to authenticate using SASL (unknown error)


[WARN ] 2017-08-19 16:43:56,949 method:org.apache.zookeeper.ClientCnxn$SendThread.run(ClientCnxn.java:1162)
Session 0x0 for server null, unexpected error, closing socket connection and attempting reconnect
java.net.ConnectException: Connection refused: no further information
	at sun.nio.ch.SocketChannelImpl.checkConnect(Native Method)
	at sun.nio.ch.SocketChannelImpl.finishConnect(SocketChannelImpl.java:735)
	at org.apache.zookeeper.ClientCnxnSocketNIO.doTransport(ClientCnxnSocketNIO.java:361)
	at org.apache.zookeeper.ClientCnxn$SendThread.run(ClientCnxn.java:1141)


[INFO ] 2017-08-19 16:43:58,051 method:org.apache.zookeeper.ClientCnxn$SendThread.logStartConnect(ClientCnxn.java:1032)
Opening socket connection to server 192.168.124.4/192.168.124.4:2193. Will not attempt to authenticate using SASL (unknown error)


[WARN ] 2017-08-19 16:43:59,052 method:org.apache.zookeeper.ClientCnxn$SendThread.run(ClientCnxn.java:1162)
Session 0x0 for server null, unexpected error, closing socket connection and attempting reconnect
java.net.ConnectException: Connection refused: no further information
	at sun.nio.ch.SocketChannelImpl.checkConnect(Native Method)
	at sun.nio.ch.SocketChannelImpl.finishConnect(SocketChannelImpl.java:735)
	at org.apache.zookeeper.ClientCnxnSocketNIO.doTransport(ClientCnxnSocketNIO.java:361)
	at org.apache.zookeeper.ClientCnxn$SendThread.run(ClientCnxn.java:1141)


[INFO ] 2017-08-19 16:43:59,154 method:org.apache.zookeeper.ClientCnxn$SendThread.logStartConnect(ClientCnxn.java:1032)
Opening socket connection to server 192.168.124.4/192.168.124.4:2192. Will not attempt to authenticate using SASL (unknown error)


[WARN ] 2017-08-19 16:44:00,155 method:org.apache.zookeeper.ClientCnxn$SendThread.run(ClientCnxn.java:1162)
Session 0x0 for server null, unexpected error, closing socket connection and attempting reconnect
java.net.ConnectException: Connection refused: no further information
	at sun.nio.ch.SocketChannelImpl.checkConnect(Native Method)
	at sun.nio.ch.SocketChannelImpl.finishConnect(SocketChannelImpl.java:735)
	at org.apache.zookeeper.ClientCnxnSocketNIO.doTransport(ClientCnxnSocketNIO.java:361)
	at org.apache.zookeeper.ClientCnxn$SendThread.run(ClientCnxn.java:1141)


[INFO ] 2017-08-19 16:44:00,257 method:org.apache.zookeeper.ClientCnxn$SendThread.logStartConnect(ClientCnxn.java:1032)
Opening socket connection to server 192.168.124.4/192.168.124.4:2191. Will not attempt to authenticate using SASL (unknown error)


[WARN ] 2017-08-19 16:44:01,278 method:org.apache.zookeeper.ClientCnxn$SendThread.run(ClientCnxn.java:1162)
Session 0x0 for server null, unexpected error, closing socket connection and attempting reconnect
java.net.ConnectException: Connection refused: no further information
	at sun.nio.ch.SocketChannelImpl.checkConnect(Native Method)
	at sun.nio.ch.SocketChannelImpl.finishConnect(SocketChannelImpl.java:735)
	at org.apache.zookeeper.ClientCnxnSocketNIO.doTransport(ClientCnxnSocketNIO.java:361)
	at org.apache.zookeeper.ClientCnxn$SendThread.run(ClientCnxn.java:1141)


[INFO ] 2017-08-19 16:44:02,380 method:org.apache.zookeeper.ClientCnxn$SendThread.logStartConnect(ClientCnxn.java:1032)
Opening socket connection to server 192.168.124.4/192.168.124.4:2193. Will not attempt to authenticate using SASL (unknown error)


[WARN ] 2017-08-19 16:44:03,381 method:org.apache.zookeeper.ClientCnxn$SendThread.run(ClientCnxn.java:1162)
Session 0x0 for server null, unexpected error, closing socket connection and attempting reconnect
java.net.ConnectException: Connection refused: no further information
	at sun.nio.ch.SocketChannelImpl.checkConnect(Native Method)
	at sun.nio.ch.SocketChannelImpl.finishConnect(SocketChannelImpl.java:735)
	at org.apache.zookeeper.ClientCnxnSocketNIO.doTransport(ClientCnxnSocketNIO.java:361)
	at org.apache.zookeeper.ClientCnxn$SendThread.run(ClientCnxn.java:1141)


[INFO ] 2017-08-19 16:44:03,482 method:org.apache.zookeeper.ClientCnxn$SendThread.logStartConnect(ClientCnxn.java:1032)
Opening socket connection to server 192.168.124.4/192.168.124.4:2192. Will not attempt to authenticate using SASL (unknown error)


[INFO ] 2017-08-19 16:44:04,587 method:org.apache.zookeeper.ZooKeeper.close(ZooKeeper.java:684)
Session: 0x0 closed


[INFO ] 2017-08-19 16:44:04,593 method:org.apache.zookeeper.ClientCnxn$EventThread.run(ClientCnxn.java:519)
EventThread shut down for session: 0x0
